********************************************************************************
DUPLICATOR-LITE PACKAGE-LOG: September 3, 2019 12:55 pm
NOTICE: Do NOT post to public sites or forums 
********************************************************************************
VERSION:	1.3.20
WORDPRESS:	5.2.2
PHP INFO:	7.3.2 | SAPI: apache2handler
SERVER:		Apache/2.4.38 (Win32) OpenSSL/1.1.1a PHP/7.3.2 
PHP TIME LIMIT: (0) no time limit imposed 
PHP MAX MEMORY: 4294967296 (128M default) 
MEMORY STACK: 4MB

********************************************************************************
DATABASE:
********************************************************************************
BUILD MODE:   MYSQLDUMP
MYSQLTIMEOUT: 5000
MYSQLDUMP:    Is Supported
SQL CREATED: 20190903_b7f1a4ce23d0cb595204_20190903125501_database.sql
SQL FILE SIZE: 3.35MB (3510042)
SQL FILE TIME: 2019-09-03 12:55:29
SQL RUNTIME: 2.25 sec.

********************************************************************************
ARCHIVE (ZIP):
********************************************************************************
ARCHIVE DIR:  C:/xampp/htdocs/demo
ARCHIVE FILE: 20190903_b7f1a4ce23d0cb595204_20190903125501_archive.zip
FILTERS: *OFF*
DIRS:
	not set
FILES:
	not set
EXTS:  not set
----------------------------------------
COMPRESSING
SIZE:	111.15MB
STATS:	Dirs 740 | Files 4,761
SQL ADDED: 20190903_b7f1a4ce23d0cb595204_20190903125501_database.sql
ZipArchive Object
(
    [status] => 0
    [statusSys] => 0
    [numFiles] => 5501
    [filename] => C:\xampp\htdocs\demo\wp-snapshots\tmp\20190903_b7f1a4ce23d0cb595204_20190903125501_archive.zip
    [comment] => 
)

FILE ADDED TO ZIP: 5500
COMPRESSION RESULT: '1'
COMPRESSED SIZE: 53.29MB
ARCHIVE RUNTIME: 58.44 sec.
MEMORY STACK: 6MB
building installer
add_extra_files1
add_extra_files2
add_extra_files3
add_extra_files4
Doing archive file check
add_extra_files5
add_extra_files6
add_extra_files8
Successfully opened zip C:/xampp/htdocs/demo/wp-snapshots/tmp/20190903_b7f1a4ce23d0cb595204_20190903125501_archive.zip
Adding enhanced installer files to archive using ZipArchive
Installer files added to archive
Added to archive
After ziparchive close when adding installer

********************************************************************************
INTEGRITY CHECKS:
********************************************************************************
SQL FILE: 3.35MB
INSTALLER FILE: 60.39KB
ARCHIVE FILE: 54.62MB 
EXPECTED FILE/DIRECTORY COUNT: 5,501
ACTUAL FILE/DIRECTORY COUNT: 5,500
ARCHIVE CONSISTENCY TEST: Pass

********************************************************************************
RECORD ID:[1]
TOTAL PROCESS RUNTIME: 63.54 sec.
PEAK PHP MEMORY USED: 6MB
DONE PROCESSING => 20190903 September 3, 2019 12:56 pm

